{"/Users/admin/Documents/dev/TalkStudio/backend/src/config/index.js": {"path":"/Users/admin/Documents/dev/TalkStudio/backend/src/config/index.js","statementMap":{"0":{"start":{"line":6,"column":19},"end":{"line":6,"column":49}},"1":{"start":{"line":7,"column":18},"end":{"line":7,"column":42}},"2":{"start":{"line":9,"column":0},"end":{"line":9,"column":63}},"3":{"start":{"line":11,"column":15},"end":{"line":28,"column":1}},"4":{"start":{"line":31,"column":0},"end":{"line":34,"column":1}},"5":{"start":{"line":32,"column":2},"end":{"line":32,"column":79}},"6":{"start":{"line":33,"column":2},"end":{"line":33,"column":18}},"7":{"start":{"line":35,"column":0},"end":{"line":37,"column":1}},"8":{"start":{"line":36,"column":2},"end":{"line":36,"column":118}},"9":{"start":{"line":38,"column":0},"end":{"line":40,"column":1}},"10":{"start":{"line":39,"column":2},"end":{"line":39,"column":75}},"11":{"start":{"line":41,"column":0},"end":{"line":43,"column":1}},"12":{"start":{"line":42,"column":2},"end":{"line":42,"column":73}}},"fnMap":{},"branchMap":{"0":{"loc":{"start":{"line":12,"column":8},"end":{"line":12,"column":32}},"type":"binary-expr","locations":[{"start":{"line":12,"column":8},"end":{"line":12,"column":24}},{"start":{"line":12,"column":28},"end":{"line":12,"column":32}}],"line":12},"1":{"loc":{"start":{"line":13,"column":15},"end":{"line":13,"column":81}},"type":"binary-expr","locations":[{"start":{"line":13,"column":15},"end":{"line":13,"column":39}},{"start":{"line":13,"column":43},"end":{"line":13,"column":81}}],"line":13},"2":{"loc":{"start":{"line":14,"column":13},"end":{"line":14,"column":58}},"type":"binary-expr","locations":[{"start":{"line":14,"column":13},"end":{"line":14,"column":35}},{"start":{"line":14,"column":39},"end":{"line":14,"column":58}}],"line":14},"3":{"loc":{"start":{"line":15,"column":20},"end":{"line":15,"column":79}},"type":"binary-expr","locations":[{"start":{"line":15,"column":20},"end":{"line":15,"column":49}},{"start":{"line":15,"column":53},"end":{"line":15,"column":79}}],"line":15},"4":{"loc":{"start":{"line":22,"column":19},"end":{"line":22,"column":70}},"type":"binary-expr","locations":[{"start":{"line":22,"column":19},"end":{"line":22,"column":64}},{"start":{"line":22,"column":68},"end":{"line":22,"column":70}}],"line":22},"5":{"loc":{"start":{"line":24,"column":25},"end":{"line":24,"column":71}},"type":"binary-expr","locations":[{"start":{"line":24,"column":25},"end":{"line":24,"column":56}},{"start":{"line":24,"column":60},"end":{"line":24,"column":71}}],"line":24},"6":{"loc":{"start":{"line":31,"column":0},"end":{"line":34,"column":1}},"type":"if","locations":[{"start":{"line":31,"column":0},"end":{"line":34,"column":1}},{"start":{},"end":{}}],"line":31},"7":{"loc":{"start":{"line":35,"column":0},"end":{"line":37,"column":1}},"type":"if","locations":[{"start":{"line":35,"column":0},"end":{"line":37,"column":1}},{"start":{},"end":{}}],"line":35},"8":{"loc":{"start":{"line":35,"column":4},"end":{"line":35,"column":86}},"type":"binary-expr","locations":[{"start":{"line":35,"column":4},"end":{"line":35,"column":28}},{"start":{"line":35,"column":32},"end":{"line":35,"column":86}}],"line":35},"9":{"loc":{"start":{"line":38,"column":0},"end":{"line":40,"column":1}},"type":"if","locations":[{"start":{"line":38,"column":0},"end":{"line":40,"column":1}},{"start":{},"end":{}}],"line":38},"10":{"loc":{"start":{"line":41,"column":0},"end":{"line":43,"column":1}},"type":"if","locations":[{"start":{"line":41,"column":0},"end":{"line":43,"column":1}},{"start":{},"end":{}}],"line":41}},"s":{"0":7,"1":7,"2":7,"3":7,"4":7,"5":0,"6":0,"7":7,"8":4,"9":7,"10":5,"11":7,"12":6},"f":{},"b":{"0":[7,6],"1":[7,3],"2":[7,6],"3":[7,3],"4":[7,7],"5":[7,7],"6":[0,7],"7":[4,3],"8":[7,7],"9":[5,2],"10":[6,1]},"inputSourceMap":null,"_coverageSchema":"1a1c01bbd47fc00a2c39e90264f33305004495a9","hash":"be77cbbe51f1903c16155b2ccbf853fe72e8005c"}
,"/Users/admin/Documents/dev/TalkStudio/backend/src/models/discord_config_model.js": {"path":"/Users/admin/Documents/dev/TalkStudio/backend/src/models/discord_config_model.js","statementMap":{"0":{"start":{"line":6,"column":28},"end":{"line":17,"column":24}},"1":{"start":{"line":7,"column":38},"end":{"line":7,"column":78}},"2":{"start":{"line":20,"column":0},"end":{"line":25,"column":3}},"3":{"start":{"line":21,"column":2},"end":{"line":23,"column":3}},"4":{"start":{"line":22,"column":4},"end":{"line":22,"column":92}},"5":{"start":{"line":24,"column":2},"end":{"line":24,"column":9}},"6":{"start":{"line":28,"column":0},"end":{"line":31,"column":2}},"7":{"start":{"line":29,"column":17},"end":{"line":29,"column":77}},"8":{"start":{"line":30,"column":2},"end":{"line":30,"column":43}},"9":{"start":{"line":33,"column":22},"end":{"line":33,"column":74}}},"fnMap":{"0":{"name":"(anonymous_0)","decl":{"start":{"line":7,"column":32},"end":{"line":7,"column":33}},"loc":{"start":{"line":7,"column":38},"end":{"line":7,"column":78}},"line":7},"1":{"name":"(anonymous_1)","decl":{"start":{"line":20,"column":32},"end":{"line":20,"column":33}},"loc":{"start":{"line":20,"column":47},"end":{"line":25,"column":1}},"line":20},"2":{"name":"(anonymous_2)","decl":{"start":{"line":28,"column":51},"end":{"line":28,"column":52}},"loc":{"start":{"line":28,"column":62},"end":{"line":31,"column":1}},"line":28}},"branchMap":{"0":{"loc":{"start":{"line":21,"column":2},"end":{"line":23,"column":3}},"type":"if","locations":[{"start":{"line":21,"column":2},"end":{"line":23,"column":3}},{"start":{},"end":{}}],"line":21}},"s":{"0":1,"1":0,"2":1,"3":0,"4":0,"5":0,"6":1,"7":0,"8":0,"9":1},"f":{"0":0,"1":0,"2":0},"b":{"0":[0,0]},"inputSourceMap":null,"_coverageSchema":"1a1c01bbd47fc00a2c39e90264f33305004495a9","hash":"50c3670df44ba4fa8b9eb85e4f8b6f340d3f4a9f"}
}
