TN:
SF:src/config/index.js
FNF:0
FNH:0
DA:6,7
DA:7,7
DA:9,7
DA:11,7
DA:31,7
DA:32,0
DA:33,0
DA:35,7
DA:36,4
DA:38,7
DA:39,5
DA:41,7
DA:42,6
LF:13
LH:11
BRDA:12,0,0,7
BRDA:12,0,1,6
BRDA:13,1,0,7
BRDA:13,1,1,3
BRDA:14,2,0,7
BRDA:14,2,1,6
BRDA:15,3,0,7
BRDA:15,3,1,3
BRDA:22,4,0,7
BRDA:22,4,1,7
BRDA:24,5,0,7
BRDA:24,5,1,7
BRDA:31,6,0,0
BRDA:31,6,1,7
BRDA:35,7,0,4
BRDA:35,7,1,3
BRDA:35,8,0,7
BRDA:35,8,1,7
BRDA:38,9,0,5
BRDA:38,9,1,2
BRDA:41,10,0,6
BRDA:41,10,1,1
BRF:22
BRH:21
end_of_record
TN:
SF:src/models/discord_config_model.js
FN:7,(anonymous_0)
FN:20,(anonymous_1)
FN:28,(anonymous_2)
FNF:3
FNH:0
FNDA:0,(anonymous_0)
FNDA:0,(anonymous_1)
FNDA:0,(anonymous_2)
DA:6,1
DA:7,0
DA:20,1
DA:21,0
DA:22,0
DA:24,0
DA:28,1
DA:29,0
DA:30,0
DA:33,1
LF:10
LH:4
BRDA:21,0,0,0
BRDA:21,0,1,0
BRF:2
BRH:0
end_of_record
